<?xml version="1.0" encoding="UTF-8" ?>
<testsuite errors="1" failures="0" hostname="MSudha" name="com.jenkins.test.ConcatenateTest" skipped="0" tests="1" time="0.0" timestamp="2019-11-03T16:54:17">
  <properties>
[...]
</properties>
  <error message="com.jenkins.test.ConcatenateTest" type="java.lang.ClassNotFoundException">java.lang.ClassNotFoundException: com.jenkins.test.ConcatenateTest
	at java.lang.ClassLoader.loadClass(Unknown Source)
	at java.lang.Class.forName0(Native Method)
	at java.lang.Class.forName(Unknown Source)
	at org.eclipse.ant.internal.launching.remote.InternalAntRunner.run(InternalAntRunner.java:424)
	at org.eclipse.ant.internal.launching.remote.InternalAntRunner.main(InternalAntRunner.java:138)
</error>
  <system-out><![CDATA[]]></system-out>
  <system-err><![CDATA[]]></system-err>
</testsuite>
